{"message":"Server started!","level":"info","timestamp":"2021-05-03T18:39:48.580Z"}
{"message":"Server started!","level":"info","timestamp":"2021-05-03T18:40:22.110Z"}
{"message":"Server started!","level":"info","timestamp":"2021-05-03T18:42:23.890Z"}
{"message":"Missing env param: DB_SCHEMA","level":"error","timestamp":"2021-05-03T18:42:23.895Z"}
{"message":"Missing env param: DB_USER","level":"error","timestamp":"2021-05-03T18:42:23.895Z"}
{"message":"Missing env param: DB_PASSWORD","level":"error","timestamp":"2021-05-03T18:42:23.897Z"}
{"message":"Missing env param: DB_PORT","level":"error","timestamp":"2021-05-03T18:42:23.897Z"}
{"message":"Missing env param: DB_HOST","level":"error","timestamp":"2021-05-03T18:42:23.898Z"}
{"message":"Missing env param: DB_CONNECTION_LIMIT","level":"error","timestamp":"2021-05-03T18:42:23.899Z"}
{"message":"Server started!","level":"info","timestamp":"2021-05-03T18:43:09.001Z"}
{"message":"Server started!","level":"info","timestamp":"2021-05-03T20:38:14.162Z"}
{"message":"Server started!","level":"info","timestamp":"2021-05-03T20:38:42.233Z"}
{"message":"Server started!","level":"info","timestamp":"2021-05-03T20:38:45.333Z"}
{"message":"Server started!","level":"info","timestamp":"2021-05-03T20:38:50.826Z"}
{"message":"Server started!","level":"info","timestamp":"2021-05-03T20:43:52.457Z"}
{"message":"Server started!","level":"info","timestamp":"2021-05-03T20:44:24.872Z"}
{"message":"Server started!","level":"info","timestamp":"2021-05-03T20:49:23.641Z"}
{"message":"Server started!","level":"info","timestamp":"2021-05-03T20:49:34.300Z"}
{"message":"Server started!","level":"info","timestamp":"2021-05-03T20:49:37.452Z"}
{"message":"Server started!","level":"info","timestamp":"2021-05-03T20:49:46.974Z"}
{"message":"Server started!","level":"info","timestamp":"2021-05-03T20:50:24.950Z"}
{"message":"Server started!","level":"info","timestamp":"2021-05-03T20:50:55.595Z"}
{"message":"Server started!","level":"info","timestamp":"2021-05-03T20:51:05.625Z"}
{"message":"Server started!","level":"info","timestamp":"2021-05-03T20:52:39.586Z"}
{"message":"Server started!","level":"info","timestamp":"2021-05-03T20:53:49.544Z"}
{"message":"Server started!","level":"info","timestamp":"2021-05-03T20:54:09.231Z"}
{"message":"Server started!","level":"info","timestamp":"2021-05-03T20:58:11.005Z"}
{"message":"Server started!","level":"info","timestamp":"2021-05-03T21:01:51.835Z"}
{"message":"Server started!","level":"info","timestamp":"2021-05-03T21:03:17.187Z"}
{"message":"Server started!","level":"info","timestamp":"2021-05-03T21:07:36.087Z"}
{"message":"Server started!","level":"info","timestamp":"2021-05-03T21:09:27.695Z"}
{"message":"Server started!","level":"info","timestamp":"2021-05-03T21:11:21.881Z"}
{"message":"Server started!","level":"info","timestamp":"2021-05-03T21:11:23.697Z"}
{"message":"Server started!","level":"info","timestamp":"2021-05-03T21:12:20.554Z"}
{"message":"Server started!","level":"info","timestamp":"2021-05-03T21:16:07.702Z"}
{"message":"Server started!","level":"info","timestamp":"2021-05-03T21:16:40.345Z"}
{"message":"Server started!","level":"info","timestamp":"2021-05-03T21:17:15.883Z"}
{"message":"Server started!","level":"info","timestamp":"2021-05-03T21:17:24.862Z"}
{"message":"Server started!","level":"info","timestamp":"2021-05-03T21:17:47.431Z"}
{"message":"Server started!","level":"info","timestamp":"2021-05-03T21:17:54.546Z"}
{"message":"Server started!","level":"info","timestamp":"2021-05-03T21:18:09.875Z"}
{"message":"Server started!","level":"info","timestamp":"2021-05-03T21:19:52.845Z"}
{"message":"Server started!","level":"info","timestamp":"2021-05-03T21:19:59.683Z"}
{"message":"Server started!","level":"info","timestamp":"2021-05-03T21:20:14.082Z"}
{"message":"Server started!","level":"info","timestamp":"2021-05-03T21:20:41.146Z"}
{"message":"Server started!","level":"info","timestamp":"2021-05-03T21:20:53.354Z"}
{"message":"Server started!","level":"info","timestamp":"2021-05-03T21:22:11.395Z"}
{"message":"Server started!","level":"info","timestamp":"2021-05-03T21:22:27.085Z"}
{"message":"Server started!","level":"info","timestamp":"2021-05-03T21:23:08.067Z"}
{"message":"Server started!","level":"info","timestamp":"2021-05-03T21:23:28.659Z"}
{"message":"Server started!","level":"info","timestamp":"2021-05-03T21:25:57.597Z"}
{"message":"Server started!","level":"info","timestamp":"2021-05-03T21:27:33.622Z"}
{"message":"Server started!","level":"info","timestamp":"2021-05-03T21:27:41.928Z"}
{"message":"Server started!","level":"info","timestamp":"2021-05-03T21:27:54.039Z"}
{"message":"Server started!","level":"info","timestamp":"2021-05-03T21:28:49.238Z"}
{"message":"Server started!","level":"info","timestamp":"2021-05-03T21:28:52.417Z"}
{"message":"Server started!","level":"info","timestamp":"2021-05-03T21:30:38.919Z"}
{"message":"Server started!","level":"info","timestamp":"2021-05-03T21:35:50.967Z"}
{"message":"Server started!","level":"info","timestamp":"2021-05-03T21:36:14.923Z"}
{"message":"Server started!","level":"info","timestamp":"2021-05-03T21:36:56.928Z"}
{"message":"Server started!","level":"info","timestamp":"2021-05-03T21:37:24.714Z"}
{"message":"Server started!","level":"info","timestamp":"2021-05-03T21:37:41.934Z"}
{"message":"Server started!","level":"info","timestamp":"2021-05-03T22:40:20.416Z"}
{"message":"Server started!","level":"info","timestamp":"2021-05-03T22:40:32.370Z"}
{"message":"Server started!","level":"info","timestamp":"2021-05-03T22:49:57.911Z"}
{"message":"Server started!","level":"info","timestamp":"2021-05-03T22:51:43.940Z"}
{"message":"Server started!","level":"info","timestamp":"2021-05-03T22:52:06.256Z"}
{"message":"Server started!","level":"info","timestamp":"2021-05-03T22:52:25.684Z"}
{"message":"Server started!","level":"info","timestamp":"2021-05-03T22:53:49.048Z"}
{"message":"Server started!","level":"info","timestamp":"2021-05-03T22:53:55.042Z"}
{"message":"Server started!","level":"info","timestamp":"2021-05-03T22:58:22.086Z"}
{"message":"Server started!","level":"info","timestamp":"2021-05-03T22:58:38.369Z"}
{"message":"Server started!","level":"info","timestamp":"2021-05-03T22:58:57.821Z"}
{"message":"Server started!","level":"info","timestamp":"2021-05-03T22:59:14.862Z"}
{"message":"Server started!","level":"info","timestamp":"2021-05-03T23:00:37.584Z"}
{"message":"Server started!","level":"info","timestamp":"2021-05-03T23:00:49.879Z"}
{"message":"Server started!","level":"info","timestamp":"2021-05-03T23:00:58.838Z"}
{"message":"Server started!","level":"info","timestamp":"2021-05-03T23:01:48.006Z"}
{"message":"Server started!","level":"info","timestamp":"2021-05-03T23:01:56.493Z"}
{"message":"Server started!","level":"info","timestamp":"2021-05-03T23:02:26.689Z"}
{"message":"Server started!","level":"info","timestamp":"2021-05-03T23:02:45.807Z"}
{"message":"Server started!","level":"info","timestamp":"2021-05-03T23:03:00.704Z"}
{"message":"Server started!","level":"info","timestamp":"2021-05-03T23:03:25.778Z"}
{"message":"Server started!","level":"info","timestamp":"2021-05-03T23:03:32.039Z"}
{"message":"Server started!","level":"info","timestamp":"2021-05-03T23:04:55.692Z"}
{"message":"Server started!","level":"info","timestamp":"2021-05-04T00:00:04.051Z"}
{"message":"Server started!","level":"info","timestamp":"2021-05-04T00:00:20.172Z"}
{"message":"Server started!","level":"info","timestamp":"2021-05-04T00:00:44.215Z"}
{"message":"Server started!","level":"info","timestamp":"2021-05-04T00:01:35.431Z"}
{"message":"Server started!","level":"info","timestamp":"2021-05-04T00:01:59.548Z"}
{"message":"Server started!","level":"info","timestamp":"2021-05-04T00:02:09.991Z"}
{"message":"Server started!","level":"info","timestamp":"2021-05-04T00:02:23.656Z"}
{"message":"Server started!","level":"info","timestamp":"2021-05-04T00:02:40.653Z"}
{"message":"Server started!","level":"info","timestamp":"2021-05-04T12:40:58.737Z"}
{"message":"Server started!","level":"info","timestamp":"2021-05-04T17:01:02.388Z"}
{"message":"Server started!","level":"info","timestamp":"2021-05-04T17:01:09.253Z"}
{"message":"Server started!","level":"info","timestamp":"2021-05-04T18:35:15.322Z"}
{"message":"Server started!","level":"info","timestamp":"2021-05-04T18:35:41.147Z"}
{"message":"Server started!","level":"info","timestamp":"2021-05-04T18:35:43.465Z"}
{"message":"Server started!","level":"info","timestamp":"2021-05-04T18:36:23.899Z"}
{"message":"Server started!","level":"info","timestamp":"2021-05-04T18:37:50.385Z"}
{"message":"Server started!","level":"info","timestamp":"2021-05-04T18:39:45.760Z"}
{"message":"Server started!","level":"info","timestamp":"2021-05-04T18:52:44.177Z"}
{"message":"Server started!","level":"info","timestamp":"2021-05-04T18:53:00.593Z"}
{"message":"Server started!","level":"info","timestamp":"2021-05-04T18:53:02.581Z"}
{"message":"Server started!","level":"info","timestamp":"2021-05-04T20:14:06.631Z"}
{"message":"Server started!","level":"info","timestamp":"2021-05-04T20:14:16.440Z"}
{"message":"Server started!","level":"info","timestamp":"2021-05-04T20:17:12.345Z"}
{"message":"Server started!","level":"info","timestamp":"2021-05-04T20:18:21.087Z"}
{"message":"Server started!","level":"info","timestamp":"2021-05-04T20:18:25.528Z"}
{"message":"Server started!","level":"info","timestamp":"2021-05-04T20:19:27.465Z"}
{"message":"Server started!","level":"info","timestamp":"2021-05-04T20:19:30.815Z"}
{"message":"Server started!","level":"info","timestamp":"2021-05-04T23:05:06.507Z"}
{"message":"Server started!","level":"info","timestamp":"2021-05-04T23:08:57.555Z"}
{"message":"Server started!","level":"info","timestamp":"2021-05-04T23:09:14.922Z"}
{"message":"Server started!","level":"info","timestamp":"2021-05-04T23:09:46.856Z"}
{"message":"Server started!","level":"info","timestamp":"2021-05-04T23:09:52.509Z"}
{"message":"Server started!","level":"info","timestamp":"2021-05-04T23:50:22.413Z"}
{"message":"Server started!","level":"info","timestamp":"2021-05-04T23:50:41.889Z"}
{"message":"Server started!","level":"info","timestamp":"2021-05-04T23:53:38.885Z"}
{"message":"Server started!","level":"info","timestamp":"2021-05-05T00:02:13.563Z"}
{"message":"Server started!","level":"info","timestamp":"2021-05-05T00:02:15.463Z"}
{"message":"Server started!","level":"info","timestamp":"2021-05-05T00:03:01.098Z"}
{"message":"Server started!","level":"info","timestamp":"2021-05-05T00:03:10.079Z"}
{"message":"Server started!","level":"info","timestamp":"2021-05-05T00:03:54.121Z"}
{"message":"Server started!","level":"info","timestamp":"2021-05-05T00:04:20.243Z"}
{"message":"Server started!","level":"info","timestamp":"2021-05-05T00:04:40.939Z"}
{"message":"Server started!","level":"info","timestamp":"2021-05-05T00:04:58.813Z"}
{"message":"Server started!","level":"info","timestamp":"2021-05-05T00:05:53.120Z"}
{"message":"Server started!","level":"info","timestamp":"2021-05-05T00:06:05.493Z"}
{"message":"Server started!","level":"info","timestamp":"2021-05-05T02:31:24.617Z"}
{"message":"Server started!","level":"info","timestamp":"2021-05-05T02:33:01.252Z"}
{"message":"Server started!","level":"info","timestamp":"2021-05-05T02:33:42.755Z"}
{"message":"Server started!","level":"info","timestamp":"2021-05-05T02:34:05.693Z"}
{"message":"Server started!","level":"info","timestamp":"2021-05-05T02:34:13.693Z"}
{"message":"Server started!","level":"info","timestamp":"2021-05-05T02:34:50.836Z"}
{"message":"Server started!","level":"info","timestamp":"2021-05-05T02:35:02.074Z"}
{"message":"Server started!","level":"info","timestamp":"2021-05-05T02:35:17.571Z"}
{"message":"Server started!","level":"info","timestamp":"2021-05-05T02:35:41.989Z"}
{"message":"Server started!","level":"info","timestamp":"2021-05-05T02:37:20.669Z"}
{"message":"Server started!","level":"info","timestamp":"2021-05-05T02:40:40.712Z"}
{"message":"Server started!","level":"info","timestamp":"2021-05-05T11:52:18.160Z"}
{"message":"Server started!","level":"info","timestamp":"2021-05-05T11:52:19.159Z"}
{"message":"Server started!","level":"info","timestamp":"2021-05-05T11:53:12.566Z"}
{"message":"Server started!","level":"info","timestamp":"2021-05-05T11:53:20.614Z"}
{"message":"Server started!","level":"info","timestamp":"2021-05-05T11:53:41.081Z"}
{"message":"Server started!","level":"info","timestamp":"2021-05-05T11:54:03.091Z"}
{"message":"Server started!","level":"info","timestamp":"2021-05-05T11:54:40.902Z"}
{"message":"Server started!","level":"info","timestamp":"2021-05-05T11:54:50.759Z"}
{"message":"Server started!","level":"info","timestamp":"2021-05-05T11:55:17.462Z"}
{"message":"Server started!","level":"info","timestamp":"2021-05-05T11:55:34.971Z"}
{"message":"Server started!","level":"info","timestamp":"2021-05-05T11:59:35.399Z"}
{"message":"Server started!","level":"info","timestamp":"2021-05-05T12:11:43.368Z"}
{"message":"Server started!","level":"info","timestamp":"2021-05-05T12:19:32.079Z"}
{"message":"Server started!","level":"info","timestamp":"2021-05-05T12:19:49.350Z"}
{"message":"Server started!","level":"info","timestamp":"2021-05-05T12:48:56.881Z"}
{"message":"Server started!","level":"info","timestamp":"2021-05-07T21:31:34.684Z"}
{"message":"Server started!","level":"info","timestamp":"2021-05-10T20:47:55.274Z"}
{"message":"Server started!","level":"info","timestamp":"2021-05-10T20:48:08.693Z"}
{"message":"Server started!","level":"info","timestamp":"2021-05-10T20:48:46.781Z"}
{"message":"Server started!","level":"info","timestamp":"2021-05-10T20:57:01.347Z"}
{"message":"Server started!","level":"info","timestamp":"2021-05-10T21:07:05.175Z"}
{"message":"Server started!","level":"info","timestamp":"2021-05-10T21:07:18.391Z"}
{"message":"Server started!","level":"info","timestamp":"2021-05-10T21:07:18.844Z"}
{"message":"Server started!","level":"info","timestamp":"2021-05-10T21:07:33.671Z"}
{"message":"Server started!","level":"info","timestamp":"2021-05-10T21:14:23.886Z"}
{"message":"Server started!","level":"info","timestamp":"2021-05-10T21:14:42.121Z"}
{"message":"Server started!","level":"info","timestamp":"2021-05-10T21:15:34.165Z"}
{"message":"Server started!","level":"info","timestamp":"2021-05-10T21:16:54.565Z"}
{"message":"Server started!","level":"info","timestamp":"2021-05-10T21:17:51.521Z"}
{"message":"Server started!","level":"info","timestamp":"2021-05-10T21:18:09.839Z"}
{"message":"Server started!","level":"info","timestamp":"2021-05-10T21:24:17.553Z"}
{"message":"Server started!","level":"info","timestamp":"2021-05-10T21:26:48.111Z"}
{"message":"Server started!","level":"info","timestamp":"2021-05-10T21:26:52.819Z"}
{"message":"Server started!","level":"info","timestamp":"2021-05-10T21:28:41.435Z"}
{"message":"Server started!","level":"info","timestamp":"2021-05-10T21:30:38.743Z"}
{"message":"Server started!","level":"info","timestamp":"2021-05-10T21:31:28.323Z"}
{"message":"Server started!","level":"info","timestamp":"2021-05-10T21:31:41.307Z"}
{"message":"Mon May 10 2021 21:31:41 GMT+0000 - Registration Failed - hashPasswords is not defined ","level":"error","timestamp":"2021-05-10T21:32:15.955Z"}
{"message":"Server started!","level":"info","timestamp":"2021-05-10T21:32:39.676Z"}
{"message":"currentTime: Mon May 10 2021 21:32:39 GMT+0000 ###### Register New User :rafe.mulla@gmail.com","level":"info","timestamp":"2021-05-10T21:32:42.663Z"}
{"message":"Server started!","level":"info","timestamp":"2021-05-10T21:33:29.408Z"}
{"message":"Server started!","level":"info","timestamp":"2021-05-10T21:35:49.892Z"}
{"message":"Server started!","level":"info","timestamp":"2021-05-10T21:38:36.041Z"}
{"message":"Server started!","level":"info","timestamp":"2021-05-10T21:39:01.236Z"}
{"message":"Server started!","level":"info","timestamp":"2021-05-10T21:40:17.679Z"}
{"message":"Server started!","level":"info","timestamp":"2021-05-10T21:41:46.806Z"}
{"message":"Server started!","level":"info","timestamp":"2021-05-10T21:43:14.319Z"}
{"message":"tring to login - userName: rafe.mulla@gmail.com - Mon May 10 2021 21:43:14 GMT+0000","level":"info","timestamp":"2021-05-10T21:43:50.578Z"}
{"message":"tring to login - userName: rafe3.mulla@gmail.com - Mon May 10 2021 21:43:14 GMT+0000","level":"info","timestamp":"2021-05-10T21:43:55.519Z"}
{"message":"tring to login - userName: rafe.mulla@gmail.com - Mon May 10 2021 21:43:14 GMT+0000","level":"info","timestamp":"2021-05-10T21:44:02.658Z"}
{"message":"Server started!","level":"info","timestamp":"2021-05-10T21:44:17.363Z"}
{"message":"tring to login - userName: rafe2.mulla@gmail.com - Mon May 10 2021 21:44:17 GMT+0000","level":"info","timestamp":"2021-05-10T21:44:20.818Z"}
{"message":"Mon May 10 2021 21:44:17 GMT+0000 - Login Failed - Invalid UserName!\" ","level":"error","timestamp":"2021-05-10T21:44:20.833Z"}
{"message":"Server started!","level":"info","timestamp":"2021-05-10T21:44:57.085Z"}
{"message":"tring to login - userName: rafe.mulla@gmail.com - Mon May 10 2021 21:44:57 GMT+0000","level":"info","timestamp":"2021-05-10T21:45:02.078Z"}
{"message":"Mon May 10 2021 21:44:57 GMT+0000 - Login Failed - Invalid Password!\" ","level":"error","timestamp":"2021-05-10T21:45:02.231Z"}
{"message":"tring to login - userName: rafe.mulla@gmail.com - Mon May 10 2021 21:44:57 GMT+0000","level":"info","timestamp":"2021-05-10T21:45:09.611Z"}
{"message":"Server started!","level":"info","timestamp":"2021-05-10T21:46:53.391Z"}
{"message":"tring to login - userName: rafe.mulla@gmail.com - Mon May 10 2021 21:46:53 GMT+0000","level":"info","timestamp":"2021-05-10T21:46:54.666Z"}
{"message":"tring to login - userName: ra2fe.mulla@gmail.com - Mon May 10 2021 21:46:53 GMT+0000","level":"info","timestamp":"2021-05-10T21:46:56.935Z"}
{"message":"Mon May 10 2021 21:46:53 GMT+0000 - Login Failed - Invalid UserName!\" ","level":"error","timestamp":"2021-05-10T21:46:56.943Z"}
{"message":"tring to login - userName: rafe.mulla@gmail.com - Mon May 10 2021 21:46:53 GMT+0000","level":"info","timestamp":"2021-05-10T21:47:03.359Z"}
{"message":"Mon May 10 2021 21:46:53 GMT+0000 - Login Failed - Invalid Password!\" ","level":"error","timestamp":"2021-05-10T21:47:03.482Z"}
{"message":"tring to login - userName: rafe.mulla@gmail.com - Mon May 10 2021 21:46:53 GMT+0000","level":"info","timestamp":"2021-05-10T21:47:07.374Z"}
{"message":"Server started!","level":"info","timestamp":"2021-05-10T21:50:57.016Z"}
{"message":"Server started!","level":"info","timestamp":"2021-05-10T21:51:06.528Z"}
{"message":"tring to login - userName: rafe.mulla@gmail.com - Mon May 10 2021 21:51:06 GMT+0000","level":"info","timestamp":"2021-05-10T21:51:09.878Z"}
{"message":"tring to login - userName: rafe.mulla@gmail.com - Mon May 10 2021 21:51:06 GMT+0000","level":"info","timestamp":"2021-05-10T21:51:21.321Z"}
